<?xml version="1.0" encoding="UTF-8"?>
<!-- Generated by org.testng.reporters.JUnitReportReporter -->
<testsuite hostname="DESKTOP-3B1LJVP" failures="0" tests="4" name="swagLab.TestCases" time="93.395" errors="0" timestamp="2024-01-11T13:41:51 EET" skipped="0">
  <testcase classname="swagLab.TestCases" name="loginTest" time="3.950"/>
  <system-out/>
  <testcase classname="swagLab.TestCases" name="listitem" time="60.428"/>
  <system-out/>
  <testcase classname="swagLab.TestCases" name="checkoutTest" time="18.621"/>
  <system-out/>
  <testcase classname="swagLab.TestCases" name="logoutTest" time="10.396"/>
  <system-out/>
</testsuite> <!-- swagLab.TestCases -->
